#
# A fatal error has been detected by the Java Runtime Environment:
#
#  EXCEPTION_ACCESS_VIOLATION (0xc0000005) at pc=0x01d7a993, pid=6476, tid=7488
#
# JRE version: Java(TM) SE Runtime Environment (8.0_60-b27) (build 1.8.0_60-b27)
# Java VM: Java HotSpot(TM) Client VM (25.60-b23 mixed mode windows-x86 )
# Problematic frame:
# v  ~RuntimeStub::IncompatibleClassChangeError throw_exception
#
# Failed to write core dump. Minidumps are not enabled by default on client versions of Windows
#
# If you would like to submit a bug report, please visit:
#   http://bugreport.java.com/bugreport/crash.jsp
#

---------------  T H R E A D  ---------------

Current thread (0x06be0400):  JavaThread "Daemon worker Thread 9" [_thread_in_Java, id=7488, stack(0x08bc0000,0x08c10000)]

siginfo: ExceptionCode=0xc0000005, writing address 0x214fce72

Registers:
EAX=0x10a7e739, EBX=0x01d441b9, ECX=0x10a7c528, EDX=0x01d44134
ESP=0x08c0e0bc, EBP=0x08c0e0e4, ESI=0x08c0e0bc, EDI=0x08c0e0e8
EIP=0x01d7a993, EFLAGS=0x00010206

Top of Stack: (sp=0x08c0e0bc)
0x08c0e0bc:   10a7c528 10a7c528 08c0e0c4 043ead1c
0x08c0e0cc:   08c0e0e8 043ec348 00000000 043ead28
0x08c0e0dc:   08c0e0bc 08c0e0ec 08c0e10c 01d44094
0x08c0e0ec:   08c0e0ec 05d20495 08c0e12c 05d21728
0x08c0e0fc:   00000000 05d204d8 08c0e0ec 08c0e128
0x08c0e10c:   08c0e150 01d44094 00000000 00000000
0x08c0e11c:   00000000 00000000 00000000 25af1e30
0x08c0e12c:   10a7c4b0 08c0e130 05d1ff2b 08c0e198 

Instructions: (pc=0x01d7a993)
0x01d7a973:   00 00 00 00 00 00 00 00 00 00 00 00 00 03 00 00
0x01d7a983:   00 01 00 00 00 b4 e7 2e 5b 34 94 32 5b 84 00 00
0x01d7a993:   00 34 00 00 00 04 00 00 00 38 00 00 00 38 00 00
0x01d7a9a3:   00 11 00 00 00 84 00 00 00 05 00 00 00 c8 09 88 


Register to memory mapping:

EAX=
[error occurred during error reporting (printing register info), id 0xc0000005]

Stack: [0x08bc0000,0x08c10000],  sp=0x08c0e0bc,  free space=312k
Native frames: (J=compiled Java code, j=interpreted, Vv=VM code, C=native code)
v  ~RuntimeStub::IncompatibleClassChangeError throw_exception
C  0x08c0e0e8


---------------  P R O C E S S  ---------------

Java Threads: ( => current thread )
  0x06be1000 JavaThread "Stdin handler" [_thread_blocked, id=1648, stack(0x05b30000,0x05b80000)]
=>0x06be0400 JavaThread "Daemon worker Thread 9" [_thread_in_Java, id=7488, stack(0x08bc0000,0x08c10000)]
  0x06bdfc00 JavaThread "Cancel handler" [_thread_blocked, id=5684, stack(0x07710000,0x07760000)]
  0x06be0c00 JavaThread "Handler for socket connection from /127.0.0.1:48347 to /127.0.0.1:32053" [_thread_in_native, id=6448, stack(0x05e20000,0x05e70000)]
  0x06bdf800 JavaThread "Daemon Thread 9" [_thread_blocked, id=1252, stack(0x05fc0000,0x06010000)]
  0x067c2000 JavaThread "File lock request listener" [_thread_in_native, id=7716, stack(0x07790000,0x077e0000)]
  0x05452c00 JavaThread "Incoming local TCP Connector on port 48347" [_thread_in_native, id=2560, stack(0x05bb0000,0x05c00000)]
  0x04580000 JavaThread "Service Thread" daemon [_thread_blocked, id=6200, stack(0x04bb0000,0x04c00000)]
  0x0456e800 JavaThread "C1 CompilerThread0" daemon [_thread_blocked, id=8068, stack(0x04ac0000,0x04b10000)]
  0x0456d800 JavaThread "Attach Listener" daemon [_thread_blocked, id=4916, stack(0x049c0000,0x04a10000)]
  0x0456a400 JavaThread "Signal Dispatcher" daemon [_thread_blocked, id=7620, stack(0x047c0000,0x04810000)]
  0x0452b800 JavaThread "Finalizer" daemon [_thread_blocked, id=7036, stack(0x04860000,0x048b0000)]
  0x04525c00 JavaThread "Reference Handler" daemon [_thread_blocked, id=6272, stack(0x04810000,0x04860000)]
  0x0178e000 JavaThread "main" [_thread_blocked, id=7144, stack(0x01a20000,0x01a70000)]

Other Threads:
  0x0451f000 VMThread [stack: 0x04750000,0x047a0000] [id=7416]
  0x04566400 WatcherThread [stack: 0x04b50000,0x04ba0000] [id=7516]

VM state:not at safepoint (normal execution)

VM Mutex/Monitor currently owned by a thread: None

Heap:
 def new generation   total 47744K, used 8922K [0x10200000, 0x135c0000, 0x25750000)
  eden space 42496K,  20% used [0x10200000, 0x10ab6918, 0x12b80000)
  from space 5248K,   0% used [0x12b80000, 0x12b80000, 0x130a0000)
  to   space 5248K,   0% used [0x130a0000, 0x130a0000, 0x135c0000)
 tenured generation   total 105868K, used 63520K [0x25750000, 0x2beb3000, 0x50200000)
   the space 105868K,  59% used [0x25750000, 0x29558238, 0x29558400, 0x2beb3000)
 Metaspace       used 46677K, capacity 48171K, committed 48768K, reserved 49536K

Card table byte_map: [0x03d40000,0x03f50000] byte_map_base: 0x03cbf000

Polling page: 0x001e0000

CodeCache: size=32768Kb used=6524Kb max_used=6802Kb free=26243Kb
 bounds [0x01d40000, 0x023f0000, 0x03d40000]
 total_blobs=3469 nmethods=3040 adapters=360
 compilation: enabled

Compilation events (10 events):
Event: 11359.068 Thread 0x0456e800 5193             org.gradle.mvn3.org.codehaus.plexus.util.xml.pull.MXParser::newString (11 bytes)
Event: 11359.069 Thread 0x0456e800 nmethod 5193 0x02253d88 code [0x02253e90, 0x02253f7c]
Event: 11359.069 Thread 0x0456e800 5194             org.gradle.mvn3.org.codehaus.plexus.util.xml.pull.MXParser::defineEntityReplacementText (200 bytes)
Event: 11359.070 Thread 0x0456e800 nmethod 5194 0x02228408 code [0x022285e0, 0x02228e6c]
Event: 11359.070 Thread 0x0456e800 5195             org.gradle.mvn3.org.codehaus.plexus.util.xml.pull.MXParser::ensureEntityCapacity (199 bytes)
Event: 11359.071 Thread 0x0456e800 nmethod 5195 0x022279c8 code [0x02227b10, 0x022281bc]
Event: 11359.071 Thread 0x0456e800 5196             org.gradle.mvn3.org.codehaus.plexus.util.xml.pull.MXParser::fastHash (63 bytes)
Event: 11359.071 Thread 0x0456e800 nmethod 5196 0x01ecc188 code [0x01ecc290, 0x01ecc400]
Event: 11359.071 Thread 0x0456e800 5197             org.gradle.mvn3.org.codehaus.plexus.util.xml.pull.MXParser::more (79 bytes)
Event: 11359.071 Thread 0x0456e800 nmethod 5197 0x01ecbe88 code [0x01ecbf90, 0x01ecc0ac]

GC Heap History (10 events):
Event: 9215.189 GC heap before
{Heap before GC invocations=121 (full 11):
 def new generation   total 46400K, used 46400K [0x10200000, 0x13450000, 0x25750000)
  eden space 41280K, 100% used [0x10200000, 0x12a50000, 0x12a50000)
  from space 5120K, 100% used [0x12a50000, 0x12f50000, 0x12f50000)
  to   space 5120K,   0% used [0x12f50000, 0x12f50000, 0x13450000)
 tenured generation   total 102948K, used 65739K [0x25750000, 0x2bbd9000, 0x50200000)
   the space 102948K,  63% used [0x25750000, 0x29782d48, 0x29782e00, 0x2bbd9000)
 Metaspace       used 44879K, capacity 46401K, committed 46592K, reserved 47488K
Event: 9215.229 GC heap after
Heap after GC invocations=122 (full 11):
 def new generation   total 46400K, used 5119K [0x10200000, 0x13450000, 0x25750000)
  eden space 41280K,   0% used [0x10200000, 0x10200000, 0x12a50000)
  from space 5120K,  99% used [0x12f50000, 0x1344fed0, 0x13450000)
  to   space 5120K,   0% used [0x12a50000, 0x12a50000, 0x12f50000)
 tenured generation   total 102948K, used 70663K [0x25750000, 0x2bbd9000, 0x50200000)
   the space 102948K,  68% used [0x25750000, 0x29c51eb8, 0x29c52000, 0x2bbd9000)
 Metaspace       used 44879K, capacity 46401K, committed 46592K, reserved 47488K
}
Event: 9215.803 GC heap before
{Heap before GC invocations=122 (full 11):
 def new generation   total 46400K, used 46399K [0x10200000, 0x13450000, 0x25750000)
  eden space 41280K, 100% used [0x10200000, 0x12a50000, 0x12a50000)
  from space 5120K,  99% used [0x12f50000, 0x1344fed0, 0x13450000)
  to   space 5120K,   0% used [0x12a50000, 0x12a50000, 0x12f50000)
 tenured generation   total 102948K, used 70663K [0x25750000, 0x2bbd9000, 0x50200000)
   the space 102948K,  68% used [0x25750000, 0x29c51eb8, 0x29c52000, 0x2bbd9000)
 Metaspace       used 45684K, capacity 47283K, committed 47360K, reserved 47488K
Event: 9215.839 GC heap after
Heap after GC invocations=123 (full 11):
 def new generation   total 46400K, used 4451K [0x10200000, 0x13450000, 0x25750000)
  eden space 41280K,   0% used [0x10200000, 0x10200000, 0x12a50000)
  from space 5120K,  86% used [0x12a50000, 0x12ea8c88, 0x12f50000)
  to   space 5120K,   0% used [0x12f50000, 0x12f50000, 0x13450000)
 tenured generation   total 102948K, used 75222K [0x25750000, 0x2bbd9000, 0x50200000)
   the space 102948K,  73% used [0x25750000, 0x2a0c5b20, 0x2a0c5c00, 0x2bbd9000)
 Metaspace       used 45684K, capacity 47283K, committed 47360K, reserved 47488K
}
Event: 9216.767 GC heap before
{Heap before GC invocations=123 (full 11):
 def new generation   total 46400K, used 45731K [0x10200000, 0x13450000, 0x25750000)
  eden space 41280K, 100% used [0x10200000, 0x12a50000, 0x12a50000)
  from space 5120K,  86% used [0x12a50000, 0x12ea8c88, 0x12f50000)
  to   space 5120K,   0% used [0x12f50000, 0x12f50000, 0x13450000)
 tenured generation   total 102948K, used 75222K [0x25750000, 0x2bbd9000, 0x50200000)
   the space 102948K,  73% used [0x25750000, 0x2a0c5b20, 0x2a0c5c00, 0x2bbd9000)
 Metaspace       used 46358K, capacity 47999K, committed 48000K, reserved 48512K
Event: 9216.802 GC heap after
Heap after GC invocations=124 (full 11):
 def new generation   total 46400K, used 4925K [0x10200000, 0x13450000, 0x25750000)
  eden space 41280K,   0% used [0x10200000, 0x10200000, 0x12a50000)
  from space 5120K,  96% used [0x12f50000, 0x1341f530, 0x13450000)
  to   space 5120K,   0% used [0x12a50000, 0x12a50000, 0x12f50000)
 tenured generation   total 102948K, used 78891K [0x25750000, 0x2bbd9000, 0x50200000)
   the space 102948K,  76% used [0x25750000, 0x2a45af70, 0x2a45b000, 0x2bbd9000)
 Metaspace       used 46358K, capacity 47999K, committed 48000K, reserved 48512K
}
Event: 9221.566 GC heap before
{Heap before GC invocations=124 (full 11):
 def new generation   total 46400K, used 46205K [0x10200000, 0x13450000, 0x25750000)
  eden space 41280K, 100% used [0x10200000, 0x12a50000, 0x12a50000)
  from space 5120K,  96% used [0x12f50000, 0x1341f530, 0x13450000)
  to   space 5120K,   0% used [0x12a50000, 0x12a50000, 0x12f50000)
 tenured generation   total 102948K, used 78891K [0x25750000, 0x2bbd9000, 0x50200000)
   the space 102948K,  76% used [0x25750000, 0x2a45af70, 0x2a45b000, 0x2bbd9000)
 Metaspace       used 46577K, capacity 48262K, committed 48384K, reserved 48512K
Event: 9221.588 GC heap after
Heap after GC invocations=125 (full 11):
 def new generation   total 46400K, used 2073K [0x10200000, 0x13450000, 0x25750000)
  eden space 41280K,   0% used [0x10200000, 0x10200000, 0x12a50000)
  from space 5120K,  40% used [0x12a50000, 0x12c56580, 0x12f50000)
  to   space 5120K,   0% used [0x12f50000, 0x12f50000, 0x13450000)
 tenured generation   total 102948K, used 83158K [0x25750000, 0x2bbd9000, 0x50200000)
   the space 102948K,  80% used [0x25750000, 0x2a885be0, 0x2a885c00, 0x2bbd9000)
 Metaspace       used 46577K, capacity 48262K, committed 48384K, reserved 48512K
}
Event: 9227.443 GC heap before
{Heap before GC invocations=125 (full 11):
 def new generation   total 46400K, used 21011K [0x10200000, 0x13450000, 0x25750000)
  eden space 41280K,  45% used [0x10200000, 0x1147e7c8, 0x12a50000)
  from space 5120K,  40% used [0x12a50000, 0x12c56580, 0x12f50000)
  to   space 5120K,   0% used [0x12f50000, 0x12f50000, 0x13450000)
 tenured generation   total 102948K, used 83158K [0x25750000, 0x2bbd9000, 0x50200000)
   the space 102948K,  80% used [0x25750000, 0x2a885be0, 0x2a885c00, 0x2bbd9000)
 Metaspace       used 47013K, capacity 48697K, committed 48768K, reserved 49536K
Event: 9227.780 GC heap after
Heap after GC invocations=126 (full 12):
 def new generation   total 47744K, used 0K [0x10200000, 0x135c0000, 0x25750000)
  eden space 42496K,   0% used [0x10200000, 0x10200000, 0x12b80000)
  from space 5248K,   0% used [0x12b80000, 0x12b80000, 0x130a0000)
  to   space 5248K,   0% used [0x130a0000, 0x130a0000, 0x135c0000)
 tenured generation   total 105868K, used 63520K [0x25750000, 0x2beb3000, 0x50200000)
   the space 105868K,  59% used [0x25750000, 0x29558238, 0x29558400, 0x2beb3000)
 Metaspace       used 46618K, capacity 48096K, committed 48768K, reserved 49536K
}

Deoptimization events (0 events):
No events

Internal exceptions (10 events):
Event: 11358.972 Thread 0x06be0c00 Exception <a 'java/lang/NoSuchMethodError': <clinit>> (0x104833c0) thrown at [D:\re\puppet\workspace\8-2-build-windows-i586-cygwin\jdk8u60\4407\hotspot\src\share\vm\prims\jni.cpp, line 1591]
Event: 11358.988 Thread 0x06be0400 Exception <a 'java/lang/NoSuchMethodError': <clinit>> (0x10562ad0) thrown at [D:\re\puppet\workspace\8-2-build-windows-i586-cygwin\jdk8u60\4407\hotspot\src\share\vm\prims\jni.cpp, line 1591]
Event: 11358.989 Thread 0x06be0400 Exception <a 'java/lang/NoSuchMethodError': <clinit>> (0x1056a440) thrown at [D:\re\puppet\workspace\8-2-build-windows-i586-cygwin\jdk8u60\4407\hotspot\src\share\vm\prims\jni.cpp, line 1591]
Event: 11359.021 Thread 0x06be0400 Exception <a 'java/lang/ArrayIndexOutOfBoundsException'> (0x107fb3c0) thrown at [D:\re\puppet\workspace\8-2-build-windows-i586-cygwin\jdk8u60\4407\hotspot\src\share\vm\runtime\sharedRuntime.cpp, line 605]
Event: 11359.021 Thread 0x06be0400 Exception <a 'java/lang/ArrayIndexOutOfBoundsException'> (0x107fcae0) thrown at [D:\re\puppet\workspace\8-2-build-windows-i586-cygwin\jdk8u60\4407\hotspot\src\share\vm\runtime\sharedRuntime.cpp, line 605]
Event: 11359.021 Thread 0x06be0400 Exception <a 'java/lang/ArrayIndexOutOfBoundsException'> (0x107fe780) thrown at [D:\re\puppet\workspace\8-2-build-windows-i586-cygwin\jdk8u60\4407\hotspot\src\share\vm\runtime\sharedRuntime.cpp, line 605]
Event: 11359.023 Thread 0x06be0400 Exception <a 'java/lang/ArrayIndexOutOfBoundsException'> (0x1080a798) thrown at [D:\re\puppet\workspace\8-2-build-windows-i586-cygwin\jdk8u60\4407\hotspot\src\share\vm\runtime\sharedRuntime.cpp, line 605]
Event: 11359.023 Thread 0x06be0400 Exception <a 'java/lang/ArrayIndexOutOfBoundsException'> (0x1080daa0) thrown at [D:\re\puppet\workspace\8-2-build-windows-i586-cygwin\jdk8u60\4407\hotspot\src\share\vm\runtime\sharedRuntime.cpp, line 605]
Event: 11359.027 Thread 0x06be0400 Exception <a 'java/lang/ArrayIndexOutOfBoundsException'> (0x10817348) thrown at [D:\re\puppet\workspace\8-2-build-windows-i586-cygwin\jdk8u60\4407\hotspot\src\share\vm\runtime\sharedRuntime.cpp, line 605]
Event: 11359.065 Thread 0x06be0400 Exception <a 'java/lang/ArrayIndexOutOfBoundsException'> (0x10a4fe50) thrown at [D:\re\puppet\workspace\8-2-build-windows-i586-cygwin\jdk8u60\4407\hotspot\src\share\vm\runtime\sharedRuntime.cpp, line 605]

Events (10 events):
Event: 11359.045 Thread 0x0456e800 flushing nmethod 0x02250b88
Event: 11359.045 Thread 0x0456e800 flushing nmethod 0x02251308
Event: 11359.045 Thread 0x0456e800 flushing nmethod 0x022517c8
Event: 11359.045 Thread 0x0456e800 flushing nmethod 0x02251a88
Event: 11359.045 Thread 0x0456e800 flushing nmethod 0x02251d48
Event: 11359.045 Thread 0x0456e800 flushing nmethod 0x022525c8
Event: 11359.045 Thread 0x0456e800 flushing nmethod 0x02253708
Event: 11359.045 Thread 0x0456e800 flushing nmethod 0x02253ac8
Event: 11359.045 Thread 0x0456e800 flushing nmethod 0x02253c88
Event: 11359.045 Thread 0x0456e800 flushing nmethod 0x02254048


Dynamic libraries:
0x00040000 - 0x00073000 	C:\Program Files\Java\jdk1.8.0_60\bin\java.exe
0x77750000 - 0x77891000 	C:\Windows\SYSTEM32\ntdll.dll
0x75c90000 - 0x75d64000 	C:\Windows\system32\kernel32.dll
0x75760000 - 0x757ab000 	C:\Windows\system32\KERNELBASE.dll
0x75d70000 - 0x75e11000 	C:\Windows\system32\ADVAPI32.dll
0x76110000 - 0x761bc000 	C:\Windows\system32\msvcrt.dll
0x75ec0000 - 0x75ed9000 	C:\Windows\SYSTEM32\sechost.dll
0x761c0000 - 0x76262000 	C:\Windows\system32\RPCRT4.dll
0x778c0000 - 0x77989000 	C:\Windows\system32\USER32.dll
0x76480000 - 0x764ce000 	C:\Windows\system32\GDI32.dll
0x77990000 - 0x7799a000 	C:\Windows\system32\LPK.dll
0x76270000 - 0x7630d000 	C:\Windows\system32\USP10.dll
0x74460000 - 0x745fe000 	C:\Windows\WinSxS\x86_microsoft.windows.common-controls_6595b64144ccf1df_6.0.7601.18837_none_41e855142bd5705d\COMCTL32.dll
0x75a60000 - 0x75ab7000 	C:\Windows\system32\SHLWAPI.dll
0x778a0000 - 0x778bf000 	C:\Windows\system32\IMM32.DLL
0x75b00000 - 0x75bcc000 	C:\Windows\system32\MSCTF.dll
0x10000000 - 0x10021000 	C:\Windows\System32\ms-underkm.dll
0x75bd0000 - 0x75c5f000 	C:\Windows\system32\OLEAUT32.dll
0x76320000 - 0x7647c000 	C:\Windows\system32\ole32.dll
0x6e7d0000 - 0x6e7e2000 	C:\Windows\system32\MPR.dll
0x5e5a0000 - 0x5e65f000 	C:\Program Files\Java\jdk1.8.0_60\jre\bin\msvcr100.dll
0x5b020000 - 0x5b3e5000 	C:\Program Files\Java\jdk1.8.0_60\jre\bin\client\jvm.dll
0x6e650000 - 0x6e657000 	C:\Windows\system32\WSOCK32.dll
0x75ac0000 - 0x75af5000 	C:\Windows\system32\WS2_32.dll
0x76310000 - 0x76316000 	C:\Windows\system32\NSI.dll
0x733e0000 - 0x73412000 	C:\Windows\system32\WINMM.dll
0x74bd0000 - 0x74bd9000 	C:\Windows\system32\VERSION.dll
0x75e20000 - 0x75e25000 	C:\Windows\system32\PSAPI.DLL
0x72cb0000 - 0x72cbc000 	C:\Program Files\Java\jdk1.8.0_60\jre\bin\verify.dll
0x666d0000 - 0x666f1000 	C:\Program Files\Java\jdk1.8.0_60\jre\bin\java.dll
0x66c80000 - 0x66c93000 	C:\Program Files\Java\jdk1.8.0_60\jre\bin\zip.dll
0x76b00000 - 0x7774b000 	C:\Windows\system32\SHELL32.dll
0x75740000 - 0x7574b000 	C:\Windows\system32\profapi.dll
0x75170000 - 0x75187000 	C:\Windows\system32\CRYPTSP.dll
0x74f10000 - 0x74f4b000 	C:\Windows\system32\rsaenh.dll
0x75820000 - 0x75837000 	C:\Windows\system32\USERENV.dll
0x75650000 - 0x7565c000 	C:\Windows\system32\CRYPTBASE.dll
0x66c30000 - 0x66c45000 	C:\Program Files\Java\jdk1.8.0_60\jre\bin\net.dll
0x75130000 - 0x7516c000 	C:\Windows\system32\mswsock.dll
0x75120000 - 0x75126000 	C:\Windows\System32\wship6.dll
0x74290000 - 0x742ac000 	C:\Windows\system32\IPHLPAPI.DLL
0x74280000 - 0x74287000 	C:\Windows\system32\WINNSI.DLL
0x73eb0000 - 0x73ec2000 	C:\Windows\system32\dhcpcsvc.DLL
0x73c90000 - 0x73c9d000 	C:\Windows\system32\dhcpcsvc6.DLL
0x72d90000 - 0x72d9f000 	C:\Program Files\Java\jdk1.8.0_60\jre\bin\nio.dll
0x68eb0000 - 0x68ebe000 	C:\Users\DilekMetin\AppData\Local\Temp\native-platform381407001166896374dir\native-platform.dll
0x75600000 - 0x7564c000 	C:\Windows\system32\apphelp.dll
0x70c30000 - 0x70d1b000 	C:\Windows\system32\dbghelp.dll

VM Arguments:
jvm_args: -XX:MaxPermSize=256m -XX:+HeapDumpOnOutOfMemoryError -Xmx1024m -Dfile.encoding=windows-1254 -Duser.country=TR -Duser.language=tr -Duser.variant 
java_command: org.gradle.launcher.daemon.bootstrap.GradleDaemon 2.2.1 C:\Users\DilekMetin\.gradle\daemon 10800000 78377a65-0cbb-4351-bf2f-7ecc0b105441 -XX:MaxPermSize=256m -XX:+HeapDumpOnOutOfMemoryError -Xmx1024m -Dfile.encoding=windows-1254 -Duser.country=TR -Duser.language=tr -Duser.variant
java_class_path (initial): C:\Users\DilekMetin\.gradle\wrapper\dists\gradle-2.2.1-all\2m8005s69iu8v0oiejfej094b\gradle-2.2.1\lib\gradle-launcher-2.2.1.jar
Launcher Type: SUN_STANDARD

Environment Variables:
JAVA_HOME=C:\Program Files\Java\jdk1.8.0_60
CLASSPATH=D:\projeler\NamazHocasi\Source\platforms\android\\gradle\wrapper\gradle-wrapper.jar
PATH=C:\Program Files\Cuminas\Document Express DjVu Plug-in\;C:\ProgramData\Oracle\Java\javapath;C:\Windows\system32;C:\Windows;C:\Windows\System32\Wbem;C:\Windows\System32\WindowsPowerShell\v1.0\;C:\Program Files\Microsoft\Web Platform Installer\;C:\Program Files\Microsoft ASP.NET\ASP.NET Web Pages\v1.0\;C:\Program Files\Microsoft SQL Server\110\Tools\Binn\;c:\Program Files\Microsoft SQL Server\110\DTS\Binn\;c:\Program Files\Microsoft SQL Server\110\Tools\Binn\ManagementStudio\;C:\Program Files\nodejs\;C:\Program Files\Git\cmd;C:\Program Files\Git\mingw32\bin;C:\Program Files\Git\usr\bin;C:\Program Files\Heroku\bin;C:\Program Files\git\cmd;C:\Program Files\Windows Kits\8.1\Windows Performance Toolkit\;C:\Program Files\Microsoft SQL Server\120\Tools\Binn\;C:\Program Files\Microsoft SDKs\TypeScript\1.4\;C:\Users\DilekMetin\AppData\Roaming\npm;C:\Program Files\Java\jdk1.8.0_60\bin;C:\Users\DilekMetin\AppData\Local\Android\sdk\tools;C:\Users\DilekMetin\AppData\Local\Android\sdk\platform-tools
USERNAME=DilekMetin
OS=Windows_NT
PROCESSOR_IDENTIFIER=x86 Family 6 Model 23 Stepping 6, GenuineIntel



---------------  S Y S T E M  ---------------

OS: Windows 7 Build 7601 (6.1.7601.18847)

CPU:total 2 (2 cores per cpu, 1 threads per core) family 6 model 23 stepping 6, cmov, cx8, fxsr, mmx, sse, sse2, sse3, ssse3, sse4.1, tsc

Memory: 4k page, physical 3142860k(969080k free), swap 6283992k(2832792k free)

vm_info: Java HotSpot(TM) Client VM (25.60-b23) for windows-x86 JRE (1.8.0_60-b27), built on Aug  4 2015 10:57:40 by "java_re" with MS VC++ 10.0 (VS2010)

time: Sun Feb 07 15:05:24 2016
elapsed time: 11359 seconds (0d 3h 9m 19s)

